<?xml version="1.0" encoding="UTF-8"?>
<testsuite xmlns:xsi="http://www.w3.org/2001/XMLSchema-instance" xsi:noNamespaceSchemaLocation="https://maven.apache.org/surefire/maven-surefire-plugin/xsd/surefire-test-report-3.0.xsd" version="3.0" name="com.jupiter.springboot.mycoolapp.MycoolappApplicationTests" time="2.131" tests="1" errors="0" skipped="0" failures="0">
  <properties>
[...]
</properties>
  <testcase name="contextLoads" classname="com.jupiter.springboot.mycoolapp.MycoolappApplicationTests" time="0.647">
    <system-out><![CDATA[23:03:49.436 [main] INFO org.springframework.test.context.support.AnnotationConfigContextLoaderUtils -- Could not detect default configuration classes for test class [com.jupiter.springboot.mycoolapp.MycoolappApplicationTests]: MycoolappApplicationTests does not declare any static, non-private, non-final, nested classes annotated with @Configuration.
23:03:49.513 [main] INFO org.springframework.boot.test.context.SpringBootTestContextBootstrapper -- Found @SpringBootConfiguration com.jupiter.springboot.mycoolapp.MycoolappApplication for test class com.jupiter.springboot.mycoolapp.MycoolappApplicationTests
23:03:49.653 [main] INFO org.springframework.boot.devtools.restart.RestartApplicationListener -- Restart disabled due to context in which it is running
  .   ____          _            __ _ _
 /\\ / ___'_ __ _ _(_)_ __  __ _ \ \ \ \
( ( )\___ | '_ | '_| | '_ \/ _` | \ \ \ \
 \\/  ___)| |_)| | | | | || (_| |  ) ) ) )
  '  |____| .__|_| |_|_| |_\__, | / / / /
 =========|_|==============|___/=/_/_/_/

 :: Spring Boot ::                (v3.3.0)

2024-06-14T23:03:49.854+05:30  INFO 14776 --- [           main] c.j.s.m.MycoolappApplicationTests        : Starting MycoolappApplicationTests using Java 17.0.6 with PID 14776 (started by mpalo in D:\Study\Spring\SpringBoot-Chad\01-spring-boot-overview\05-spring-command-line-demo)
2024-06-14T23:03:49.855+05:30  INFO 14776 --- [           main] c.j.s.m.MycoolappApplicationTests        : No active profile set, falling back to 1 default profile: "default"
2024-06-14T23:03:50.779+05:30  INFO 14776 --- [           main] c.j.s.m.MycoolappApplicationTests        : Started MycoolappApplicationTests in 1.143 seconds (process running for 1.884)
]]></system-out>
  </testcase>
</testsuite>